0 info it worked if it ends with ok
1 verbose cli [ '/Users/cupsadarius/.nvm/versions/node/v7.5.0/bin/node',
1 verbose cli   '/Users/cupsadarius/.nvm/versions/node/v7.5.0/bin/npm',
1 verbose cli   'run',
1 verbose cli   'commit' ]
2 info using npm@4.1.2
3 info using node@v7.5.0
4 verbose run-script [ 'precommit', 'commit', 'postcommit' ]
5 info lifecycle generaptr@1.2.0~precommit: generaptr@1.2.0
6 silly lifecycle generaptr@1.2.0~precommit: no script for precommit, continuing
7 info lifecycle generaptr@1.2.0~commit: generaptr@1.2.0
8 verbose lifecycle generaptr@1.2.0~commit: unsafe-perm in lifecycle true
9 verbose lifecycle generaptr@1.2.0~commit: PATH: /Users/cupsadarius/.nvm/versions/node/v7.5.0/lib/node_modules/npm/bin/node-gyp-bin:/Users/cupsadarius/OpenSource/generaptr/node_modules/.bin:/usr/local/Cellar/python3/3.6.2/bin:/Users/cupsadarius/.nvm/versions/node/v7.5.0/bin:/usr/local/Cellar/ghostscript/9.22/bin:/usr/local/Cellar/imagemagick/7.0.7-7/bin:/usr/local/sbin:/usr/local/bin:/usr/bin:/bin:/usr/sbin:/sbin
10 verbose lifecycle generaptr@1.2.0~commit: CWD: /Users/cupsadarius/OpenSource/generaptr
11 silly lifecycle generaptr@1.2.0~commit: Args: [ '-c', 'git-cz' ]
12 silly lifecycle generaptr@1.2.0~commit: Returned: code: 1  signal: null
13 info lifecycle generaptr@1.2.0~commit: Failed to exec commit script
14 verbose stack Error: generaptr@1.2.0 commit: `git-cz`
14 verbose stack Exit status 1
14 verbose stack     at EventEmitter.<anonymous> (/Users/cupsadarius/.nvm/versions/node/v7.5.0/lib/node_modules/npm/lib/utils/lifecycle.js:279:16)
14 verbose stack     at emitTwo (events.js:106:13)
14 verbose stack     at EventEmitter.emit (events.js:192:7)
14 verbose stack     at ChildProcess.<anonymous> (/Users/cupsadarius/.nvm/versions/node/v7.5.0/lib/node_modules/npm/lib/utils/spawn.js:40:14)
14 verbose stack     at emitTwo (events.js:106:13)
14 verbose stack     at ChildProcess.emit (events.js:192:7)
14 verbose stack     at maybeClose (internal/child_process.js:890:16)
14 verbose stack     at Process.ChildProcess._handle.onexit (internal/child_process.js:226:5)
15 verbose pkgid generaptr@1.2.0
16 verbose cwd /Users/cupsadarius/OpenSource/generaptr
17 error Darwin 16.7.0
18 error argv "/Users/cupsadarius/.nvm/versions/node/v7.5.0/bin/node" "/Users/cupsadarius/.nvm/versions/node/v7.5.0/bin/npm" "run" "commit"
19 error node v7.5.0
20 error npm  v4.1.2
21 error code ELIFECYCLE
22 error generaptr@1.2.0 commit: `git-cz`
22 error Exit status 1
23 error Failed at the generaptr@1.2.0 commit script 'git-cz'.
23 error Make sure you have the latest version of node.js and npm installed.
23 error If you do, this is most likely a problem with the generaptr package,
23 error not with npm itself.
23 error Tell the author that this fails on your system:
23 error     git-cz
23 error You can get information on how to open an issue for this project with:
23 error     npm bugs generaptr
23 error Or if that isn't available, you can get their info via:
23 error     npm owner ls generaptr
23 error There is likely additional logging output above.
24 verbose exit [ 1, true ]
